<html>
<body>
<pre>
<h1>µVision Build Log</h1>
<h2>Tool Versions:</h2>
IDE-Version: ¦ÌVision V5.26.2.0
Copyright (C) 2018 ARM Ltd and ARM Germany GmbH. All rights reserved.
License Information: wang Lenovo, 111, LIC=----
 
Tool Versions:
Toolchain:       MDK-Lite  Version: 5.26.2.0
Toolchain Path:  C:\Keil_v5\ARM\ARMCC\Bin
C Compiler:      Armcc.exe V5.06 update 6 (build 750)
Assembler:       Armasm.exe V5.06 update 6 (build 750)
Linker/Locator:  ArmLink.exe V5.06 update 6 (build 750)
Library Manager: ArmAr.exe V5.06 update 6 (build 750)
Hex Converter:   FromElf.exe V5.06 update 6 (build 750)
CPU DLL:         SARMCM3.DLL V5.26.2.0
Dialog DLL:      DCM.DLL V1.17.2.0
Target DLL:      STLink\ST-LINKIII-KEIL_SWO.dll V3.0.5.0
Dialog DLL:      TCM.DLL V1.36.1.0
 
<h2>Project:</h2>
C:\keil project\STM32\STM32F103C8T6\Text_uart\MDK-ARM\Text_uart.uvprojx
Project File Date:  11/03/2025

<h2>Output:</h2>
*** Using Compiler 'V5.06 update 6 (build 750)', folder: 'C:\Keil_v5\ARM\ARMCC\Bin'
Build target 'Text_uart'
compiling stm32f4xx_hal_flash.c...
../Drivers/STM32F4xx_HAL_Driver/Src/stm32f4xx_hal_flash.c(104): error:  #29: expected an expression
  FLASH_ProcessTypeDef pFlash  = {.ProcedureOnGoing = FLASH_PROC_NONE,
../Drivers/STM32F4xx_HAL_Driver/Src/stm32f4xx_hal_flash.c(105): error:  #29: expected an expression
                                  .NbSectorsToErase = 0U,
../Drivers/STM32F4xx_HAL_Driver/Src/stm32f4xx_hal_flash.c(106): error:  #29: expected an expression
                                  .VoltageForErase= FLASH_VOLTAGE_RANGE_1,
../Drivers/STM32F4xx_HAL_Driver/Src/stm32f4xx_hal_flash.c(107): error:  #29: expected an expression
                                  .Sector = 0U,
../Drivers/STM32F4xx_HAL_Driver/Src/stm32f4xx_hal_flash.c(108): error:  #29: expected an expression
                                  .Bank = FLASH_BANK_1,
../Drivers/STM32F4xx_HAL_Driver/Src/stm32f4xx_hal_flash.c(109): error:  #29: expected an expression
                                  .Address = 0U,
../Drivers/STM32F4xx_HAL_Driver/Src/stm32f4xx_hal_flash.c(110): error:  #29: expected an expression
                                  .Lock = HAL_UNLOCKED,
../Drivers/STM32F4xx_HAL_Driver/Src/stm32f4xx_hal_flash.c(111): error:  #29: expected an expression
                                  .ErrorCode = HAL_FLASH_ERROR_NONE};
../Drivers/STM32F4xx_HAL_Driver/Src/stm32f4xx_hal_flash.c: 0 warnings, 8 errors
"Text_uart\Text_uart.axf" - 8 Error(s), 0 Warning(s).

<h2>Software Packages used:</h2>

Package Vendor: ARM
                http://www.keil.com/pack/ARM.CMSIS.5.4.0.pack
                ARM.CMSIS.5.4.0
                CMSIS (Cortex Microcontroller Software Interface Standard)
   * Component: CORE Version: 5.1.2

Package Vendor: Keil
                http://www.keil.com/pack/Keil.STM32F4xx_DFP.2.8.0.pack
                Keil.STM32F4xx_DFP.2.8.0
                STMicroelectronics STM32F4 Series Device Support, Drivers and Examples

<h2>Collection of Component include folders:</h2>
  .\RTE\_Text_uart
  C:\Keil_v5\ARM\PACK\ARM\CMSIS\5.4.0\CMSIS\Core\Include
  C:\Keil_v5\ARM\PACK\Keil\STM32F4xx_DFP\2.8.0\Drivers\CMSIS\Device\ST\STM32F4xx\Include

<h2>Collection of Component Files used:</h2>

   * Component: ARM::CMSIS:CORE:5.1.2
Target not created.
Build Time Elapsed:  00:00:01
</pre>
</body>
</html>
